Build started 19/01/2018 12:43:22.
     1>Project "E:\Tugas Kuliah\Struktur Data\Dakon\Dakon\Dakon.vcxproj" on node 2 (build target(s)).
     1>InitializeBuildStatus:
         Creating "Debug\Dakon.unsuccessfulbuild" because "AlwaysCreate" was specified.
       ClCompile:
         C:\Program Files (x86)\Microsoft Visual Studio 10.0\VC\bin\CL.exe /c /I"E:\Tugas Kuliah\Struktur Data\Dakon\Dakon\SFML-2.3.2\include" /ZI /nologo /W3 /WX- /Od /Oy- /D WIN32 /D _DEBUG /D _CONSOLE /D _UNICODE /D UNICODE /Gm /EHsc /RTC1 /MDd /GS /fp:precise /Zc:wchar_t /Zc:forScope /Fo"Debug\\" /Fd"Debug\vc100.pdb" /Gd /TP /analyze- /errorReport:prompt main.cpp
         Skipping... (no relevant changes detected)
         main.cpp
       Link:
         C:\Program Files (x86)\Microsoft Visual Studio 10.0\VC\bin\link.exe /ERRORREPORT:PROMPT /OUT:"E:\Tugas Kuliah\Struktur Data\Dakon\Debug\Dakon.exe" /INCREMENTAL:NO /NOLOGO /LIBPATH:"E:\Tugas Kuliah\Struktur Data\Dakon\Dakon\SFML-2.3.2\lib" "sfml-graphics-d.lib" "sfml-window-d.lib" "sfml-system-d.lib" "sfml-audio-d.lib" kernel32.lib user32.lib gdi32.lib winspool.lib comdlg32.lib advapi32.lib shell32.lib ole32.lib oleaut32.lib uuid.lib odbc32.lib odbccp32.lib /MANIFEST /ManifestFile:"Debug\Dakon.exe.intermediate.manifest" /MANIFESTUAC:"level='asInvoker' uiAccess='false'" /DEBUG /PDB:"E:\Tugas Kuliah\Struktur Data\Dakon\Debug\Dakon.pdb" /SUBSYSTEM:CONSOLE /TLBID:1 /DYNAMICBASE /NXCOMPAT /IMPLIB:"E:\Tugas Kuliah\Struktur Data\Dakon\Debug\Dakon.lib" /MACHINE:X86 Debug\main.obj
     1>main.obj : warning LNK4075: ignoring '/EDITANDCONTINUE' due to '/INCREMENTAL:NO' specification
         Dakon.vcxproj -> E:\Tugas Kuliah\Struktur Data\Dakon\Debug\Dakon.exe
       Manifest:
         C:\Program Files (x86)\Microsoft SDKs\Windows\v7.0A\bin\mt.exe /nologo /verbose /outputresource:"E:\Tugas Kuliah\Struktur Data\Dakon\Debug\Dakon.exe;#1" /manifest Debug\Dakon.exe.intermediate.manifest
       FinalizeBuildStatus:
         Deleting file "Debug\Dakon.unsuccessfulbuild".
         Touching "Debug\Dakon.lastbuildstate".
     1>Done Building Project "E:\Tugas Kuliah\Struktur Data\Dakon\Dakon\Dakon.vcxproj" (build target(s)).

Build succeeded.

Time Elapsed 00:00:04.48
